0 info it worked if it ends with ok
1 verbose cli [ 'node', '/usr/local/bin/npm', 'install' ]
2 info using npm@1.4.28
3 info using node@v0.10.32
4 warn package.json auther@1.0.0 No repository field.
5 verbose readDependencies using package.json deps
6 verbose install where, deps [ '/Users/bfrost/Fullstack/auther',
6 verbose install   [ 'bluebird',
6 verbose install     'express',
6 verbose install     'lodash',
6 verbose install     'mongoose',
6 verbose install     'morgan',
6 verbose install     'node-sass-middleware',
6 verbose install     'shortid',
6 verbose install     'chance',
6 verbose install     'nodemon' ] ]
7 info preinstall auther@1.0.0
8 verbose readDependencies using package.json deps
9 verbose cache add [ 'bluebird@^2.10.2', null ]
10 verbose cache add name=undefined spec="bluebird@^2.10.2" args=["bluebird@^2.10.2",null]
11 verbose parsed url { protocol: null,
11 verbose parsed url   slashes: null,
11 verbose parsed url   auth: null,
11 verbose parsed url   host: null,
11 verbose parsed url   port: null,
11 verbose parsed url   hostname: null,
11 verbose parsed url   hash: null,
11 verbose parsed url   search: null,
11 verbose parsed url   query: null,
11 verbose parsed url   pathname: 'bluebird@^2.10.2',
11 verbose parsed url   path: 'bluebird@^2.10.2',
11 verbose parsed url   href: 'bluebird@^2.10.2' }
12 verbose cache add [ 'express@^4.13.3', null ]
13 verbose cache add name=undefined spec="express@^4.13.3" args=["express@^4.13.3",null]
14 verbose parsed url { protocol: null,
14 verbose parsed url   slashes: null,
14 verbose parsed url   auth: null,
14 verbose parsed url   host: null,
14 verbose parsed url   port: null,
14 verbose parsed url   hostname: null,
14 verbose parsed url   hash: null,
14 verbose parsed url   search: null,
14 verbose parsed url   query: null,
14 verbose parsed url   pathname: 'express@^4.13.3',
14 verbose parsed url   path: 'express@^4.13.3',
14 verbose parsed url   href: 'express@^4.13.3' }
15 verbose cache add [ 'lodash@^3.10.1', null ]
16 verbose cache add name=undefined spec="lodash@^3.10.1" args=["lodash@^3.10.1",null]
17 verbose parsed url { protocol: null,
17 verbose parsed url   slashes: null,
17 verbose parsed url   auth: null,
17 verbose parsed url   host: null,
17 verbose parsed url   port: null,
17 verbose parsed url   hostname: null,
17 verbose parsed url   hash: null,
17 verbose parsed url   search: null,
17 verbose parsed url   query: null,
17 verbose parsed url   pathname: 'lodash@^3.10.1',
17 verbose parsed url   path: 'lodash@^3.10.1',
17 verbose parsed url   href: 'lodash@^3.10.1' }
18 verbose cache add [ 'mongoose@^4.1.10', null ]
19 verbose cache add name=undefined spec="mongoose@^4.1.10" args=["mongoose@^4.1.10",null]
20 verbose parsed url { protocol: null,
20 verbose parsed url   slashes: null,
20 verbose parsed url   auth: null,
20 verbose parsed url   host: null,
20 verbose parsed url   port: null,
20 verbose parsed url   hostname: null,
20 verbose parsed url   hash: null,
20 verbose parsed url   search: null,
20 verbose parsed url   query: null,
20 verbose parsed url   pathname: 'mongoose@^4.1.10',
20 verbose parsed url   path: 'mongoose@^4.1.10',
20 verbose parsed url   href: 'mongoose@^4.1.10' }
21 verbose cache add [ 'morgan@^1.6.1', null ]
22 verbose cache add name=undefined spec="morgan@^1.6.1" args=["morgan@^1.6.1",null]
23 verbose parsed url { protocol: null,
23 verbose parsed url   slashes: null,
23 verbose parsed url   auth: null,
23 verbose parsed url   host: null,
23 verbose parsed url   port: null,
23 verbose parsed url   hostname: null,
23 verbose parsed url   hash: null,
23 verbose parsed url   search: null,
23 verbose parsed url   query: null,
23 verbose parsed url   pathname: 'morgan@^1.6.1',
23 verbose parsed url   path: 'morgan@^1.6.1',
23 verbose parsed url   href: 'morgan@^1.6.1' }
24 verbose cache add name="bluebird" spec="^2.10.2" args=["bluebird","^2.10.2"]
25 verbose parsed url { protocol: null,
25 verbose parsed url   slashes: null,
25 verbose parsed url   auth: null,
25 verbose parsed url   host: null,
25 verbose parsed url   port: null,
25 verbose parsed url   hostname: null,
25 verbose parsed url   hash: null,
25 verbose parsed url   search: null,
25 verbose parsed url   query: null,
25 verbose parsed url   pathname: '^2.10.2',
25 verbose parsed url   path: '^2.10.2',
25 verbose parsed url   href: '^2.10.2' }
26 verbose addNamed [ 'bluebird', '^2.10.2' ]
27 verbose addNamed [ null, '>=2.10.2-0 <3.0.0-0' ]
28 verbose cache add name="express" spec="^4.13.3" args=["express","^4.13.3"]
29 verbose parsed url { protocol: null,
29 verbose parsed url   slashes: null,
29 verbose parsed url   auth: null,
29 verbose parsed url   host: null,
29 verbose parsed url   port: null,
29 verbose parsed url   hostname: null,
29 verbose parsed url   hash: null,
29 verbose parsed url   search: null,
29 verbose parsed url   query: null,
29 verbose parsed url   pathname: '^4.13.3',
29 verbose parsed url   path: '^4.13.3',
29 verbose parsed url   href: '^4.13.3' }
30 verbose addNamed [ 'express', '^4.13.3' ]
31 verbose addNamed [ null, '>=4.13.3-0 <5.0.0-0' ]
32 verbose cache add name="lodash" spec="^3.10.1" args=["lodash","^3.10.1"]
33 verbose parsed url { protocol: null,
33 verbose parsed url   slashes: null,
33 verbose parsed url   auth: null,
33 verbose parsed url   host: null,
33 verbose parsed url   port: null,
33 verbose parsed url   hostname: null,
33 verbose parsed url   hash: null,
33 verbose parsed url   search: null,
33 verbose parsed url   query: null,
33 verbose parsed url   pathname: '^3.10.1',
33 verbose parsed url   path: '^3.10.1',
33 verbose parsed url   href: '^3.10.1' }
34 verbose addNamed [ 'lodash', '^3.10.1' ]
35 verbose addNamed [ null, '>=3.10.1-0 <4.0.0-0' ]
36 verbose cache add name="mongoose" spec="^4.1.10" args=["mongoose","^4.1.10"]
37 verbose parsed url { protocol: null,
37 verbose parsed url   slashes: null,
37 verbose parsed url   auth: null,
37 verbose parsed url   host: null,
37 verbose parsed url   port: null,
37 verbose parsed url   hostname: null,
37 verbose parsed url   hash: null,
37 verbose parsed url   search: null,
37 verbose parsed url   query: null,
37 verbose parsed url   pathname: '^4.1.10',
37 verbose parsed url   path: '^4.1.10',
37 verbose parsed url   href: '^4.1.10' }
38 verbose addNamed [ 'mongoose', '^4.1.10' ]
39 verbose addNamed [ null, '>=4.1.10-0 <5.0.0-0' ]
40 verbose cache add [ 'node-sass-middleware@0.9.0', null ]
41 verbose cache add name=undefined spec="node-sass-middleware@0.9.0" args=["node-sass-middleware@0.9.0",null]
42 verbose parsed url { protocol: null,
42 verbose parsed url   slashes: null,
42 verbose parsed url   auth: null,
42 verbose parsed url   host: null,
42 verbose parsed url   port: null,
42 verbose parsed url   hostname: null,
42 verbose parsed url   hash: null,
42 verbose parsed url   search: null,
42 verbose parsed url   query: null,
42 verbose parsed url   pathname: 'node-sass-middleware@0.9.0',
42 verbose parsed url   path: 'node-sass-middleware@0.9.0',
42 verbose parsed url   href: 'node-sass-middleware@0.9.0' }
43 verbose cache add [ 'shortid@^2.2.2', null ]
44 verbose cache add name=undefined spec="shortid@^2.2.2" args=["shortid@^2.2.2",null]
45 verbose parsed url { protocol: null,
45 verbose parsed url   slashes: null,
45 verbose parsed url   auth: null,
45 verbose parsed url   host: null,
45 verbose parsed url   port: null,
45 verbose parsed url   hostname: null,
45 verbose parsed url   hash: null,
45 verbose parsed url   search: null,
45 verbose parsed url   query: null,
45 verbose parsed url   pathname: 'shortid@^2.2.2',
45 verbose parsed url   path: 'shortid@^2.2.2',
45 verbose parsed url   href: 'shortid@^2.2.2' }
46 verbose cache add name="morgan" spec="^1.6.1" args=["morgan","^1.6.1"]
47 verbose parsed url { protocol: null,
47 verbose parsed url   slashes: null,
47 verbose parsed url   auth: null,
47 verbose parsed url   host: null,
47 verbose parsed url   port: null,
47 verbose parsed url   hostname: null,
47 verbose parsed url   hash: null,
47 verbose parsed url   search: null,
47 verbose parsed url   query: null,
47 verbose parsed url   pathname: '^1.6.1',
47 verbose parsed url   path: '^1.6.1',
47 verbose parsed url   href: '^1.6.1' }
48 verbose addNamed [ 'morgan', '^1.6.1' ]
49 verbose addNamed [ null, '>=1.6.1-0 <2.0.0-0' ]
50 silly lockFile 3163d380-bluebird-2-10-2 bluebird@^2.10.2
51 verbose lock bluebird@^2.10.2 /Users/bfrost/.npm/3163d380-bluebird-2-10-2.lock
52 silly lockFile 9c28b82e-express-4-13-3 express@^4.13.3
53 verbose lock express@^4.13.3 /Users/bfrost/.npm/9c28b82e-express-4-13-3.lock
54 silly lockFile 878fcc15-lodash-3-10-1 lodash@^3.10.1
55 verbose lock lodash@^3.10.1 /Users/bfrost/.npm/878fcc15-lodash-3-10-1.lock
56 silly lockFile 8287c9dd-mongoose-4-1-10 mongoose@^4.1.10
57 verbose lock mongoose@^4.1.10 /Users/bfrost/.npm/8287c9dd-mongoose-4-1-10.lock
58 silly lockFile 91ec9a1a-morgan-1-6-1 morgan@^1.6.1
59 verbose lock morgan@^1.6.1 /Users/bfrost/.npm/91ec9a1a-morgan-1-6-1.lock
60 verbose cache add name="node-sass-middleware" spec="0.9.0" args=["node-sass-middleware","0.9.0"]
61 verbose parsed url { protocol: null,
61 verbose parsed url   slashes: null,
61 verbose parsed url   auth: null,
61 verbose parsed url   host: null,
61 verbose parsed url   port: null,
61 verbose parsed url   hostname: null,
61 verbose parsed url   hash: null,
61 verbose parsed url   search: null,
61 verbose parsed url   query: null,
61 verbose parsed url   pathname: '0.9.0',
61 verbose parsed url   path: '0.9.0',
61 verbose parsed url   href: '0.9.0' }
62 verbose addNamed [ 'node-sass-middleware', '0.9.0' ]
63 verbose addNamed [ '0.9.0', '0.9.0' ]
64 silly lockFile 45b97ac6-node-sass-middleware-0-9-0 node-sass-middleware@0.9.0
65 verbose lock node-sass-middleware@0.9.0 /Users/bfrost/.npm/45b97ac6-node-sass-middleware-0-9-0.lock
66 verbose cache add [ 'chance@^0.8.0', null ]
67 verbose cache add name=undefined spec="chance@^0.8.0" args=["chance@^0.8.0",null]
68 verbose parsed url { protocol: null,
68 verbose parsed url   slashes: null,
68 verbose parsed url   auth: null,
68 verbose parsed url   host: null,
68 verbose parsed url   port: null,
68 verbose parsed url   hostname: null,
68 verbose parsed url   hash: null,
68 verbose parsed url   search: null,
68 verbose parsed url   query: null,
68 verbose parsed url   pathname: 'chance@^0.8.0',
68 verbose parsed url   path: 'chance@^0.8.0',
68 verbose parsed url   href: 'chance@^0.8.0' }
69 verbose cache add name="shortid" spec="^2.2.2" args=["shortid","^2.2.2"]
70 verbose parsed url { protocol: null,
70 verbose parsed url   slashes: null,
70 verbose parsed url   auth: null,
70 verbose parsed url   host: null,
70 verbose parsed url   port: null,
70 verbose parsed url   hostname: null,
70 verbose parsed url   hash: null,
70 verbose parsed url   search: null,
70 verbose parsed url   query: null,
70 verbose parsed url   pathname: '^2.2.2',
70 verbose parsed url   path: '^2.2.2',
70 verbose parsed url   href: '^2.2.2' }
71 verbose addNamed [ 'shortid', '^2.2.2' ]
72 verbose addNamed [ null, '>=2.2.2-0 <3.0.0-0' ]
73 silly lockFile 47ca004f-shortid-2-2-2 shortid@^2.2.2
74 verbose lock shortid@^2.2.2 /Users/bfrost/.npm/47ca004f-shortid-2-2-2.lock
75 verbose cache add [ 'nodemon@^1.7.1', null ]
76 verbose cache add name=undefined spec="nodemon@^1.7.1" args=["nodemon@^1.7.1",null]
77 verbose parsed url { protocol: null,
77 verbose parsed url   slashes: null,
77 verbose parsed url   auth: null,
77 verbose parsed url   host: null,
77 verbose parsed url   port: null,
77 verbose parsed url   hostname: null,
77 verbose parsed url   hash: null,
77 verbose parsed url   search: null,
77 verbose parsed url   query: null,
77 verbose parsed url   pathname: 'nodemon@^1.7.1',
77 verbose parsed url   path: 'nodemon@^1.7.1',
77 verbose parsed url   href: 'nodemon@^1.7.1' }
78 verbose cache add name="chance" spec="^0.8.0" args=["chance","^0.8.0"]
79 verbose parsed url { protocol: null,
79 verbose parsed url   slashes: null,
79 verbose parsed url   auth: null,
79 verbose parsed url   host: null,
79 verbose parsed url   port: null,
79 verbose parsed url   hostname: null,
79 verbose parsed url   hash: null,
79 verbose parsed url   search: null,
79 verbose parsed url   query: null,
79 verbose parsed url   pathname: '^0.8.0',
79 verbose parsed url   path: '^0.8.0',
79 verbose parsed url   href: '^0.8.0' }
80 verbose addNamed [ 'chance', '^0.8.0' ]
81 verbose addNamed [ null, '>=0.8.0-0 <0.9.0-0' ]
82 silly lockFile 50bdfe21-chance-0-8-0 chance@^0.8.0
83 verbose lock chance@^0.8.0 /Users/bfrost/.npm/50bdfe21-chance-0-8-0.lock
84 silly addNameRange { name: 'bluebird',
84 silly addNameRange   range: '>=2.10.2-0 <3.0.0-0',
84 silly addNameRange   hasData: false }
85 silly addNameRange { name: 'express', range: '>=4.13.3-0 <5.0.0-0', hasData: false }
86 silly addNameRange { name: 'lodash', range: '>=3.10.1-0 <4.0.0-0', hasData: false }
87 silly addNameRange { name: 'mongoose',
87 silly addNameRange   range: '>=4.1.10-0 <5.0.0-0',
87 silly addNameRange   hasData: false }
88 silly addNameRange { name: 'morgan', range: '>=1.6.1-0 <2.0.0-0', hasData: false }
89 verbose cache add name="nodemon" spec="^1.7.1" args=["nodemon","^1.7.1"]
90 verbose parsed url { protocol: null,
90 verbose parsed url   slashes: null,
90 verbose parsed url   auth: null,
90 verbose parsed url   host: null,
90 verbose parsed url   port: null,
90 verbose parsed url   hostname: null,
90 verbose parsed url   hash: null,
90 verbose parsed url   search: null,
90 verbose parsed url   query: null,
90 verbose parsed url   pathname: '^1.7.1',
90 verbose parsed url   path: '^1.7.1',
90 verbose parsed url   href: '^1.7.1' }
91 verbose addNamed [ 'nodemon', '^1.7.1' ]
92 verbose addNamed [ null, '>=1.7.1-0 <2.0.0-0' ]
93 silly lockFile d516100b-nodemon-1-7-1 nodemon@^1.7.1
94 verbose lock nodemon@^1.7.1 /Users/bfrost/.npm/d516100b-nodemon-1-7-1.lock
95 silly addNameRange { name: 'shortid', range: '>=2.2.2-0 <3.0.0-0', hasData: false }
96 silly addNameRange { name: 'chance', range: '>=0.8.0-0 <0.9.0-0', hasData: false }
97 verbose request where is /shortid
98 verbose request registry https://registry.npmjs.org/
99 verbose request id dc6852b043412fdb
100 verbose url raw /shortid
101 verbose url resolving [ 'https://registry.npmjs.org/', './shortid' ]
102 verbose url resolved https://registry.npmjs.org/shortid
103 verbose request where is https://registry.npmjs.org/shortid
104 info trying registry request attempt 1 at 18:36:03
105 http GET https://registry.npmjs.org/shortid
106 verbose request where is /chance
107 verbose request registry https://registry.npmjs.org/
108 verbose url raw /chance
109 verbose url resolving [ 'https://registry.npmjs.org/', './chance' ]
110 verbose url resolved https://registry.npmjs.org/chance
111 verbose request where is https://registry.npmjs.org/chance
112 info trying registry request attempt 1 at 18:36:03
113 http GET https://registry.npmjs.org/chance
114 silly addNameRange { name: 'nodemon', range: '>=1.7.1-0 <2.0.0-0', hasData: false }
115 verbose request where is /express
116 verbose request registry https://registry.npmjs.org/
117 verbose url raw /express
118 verbose url resolving [ 'https://registry.npmjs.org/', './express' ]
119 verbose url resolved https://registry.npmjs.org/express
120 verbose request where is https://registry.npmjs.org/express
121 info trying registry request attempt 1 at 18:36:03
122 verbose etag "1U6V5Q9R2443DC0ZKP82FR503"
123 http GET https://registry.npmjs.org/express
124 verbose request where is /bluebird
125 verbose request registry https://registry.npmjs.org/
126 verbose url raw /bluebird
127 verbose url resolving [ 'https://registry.npmjs.org/', './bluebird' ]
128 verbose url resolved https://registry.npmjs.org/bluebird
129 verbose request where is https://registry.npmjs.org/bluebird
130 info trying registry request attempt 1 at 18:36:03
131 verbose etag "BMADI2EJZ5ZN54W0OJK6KNERS"
132 http GET https://registry.npmjs.org/bluebird
133 verbose request where is /morgan
134 verbose request registry https://registry.npmjs.org/
135 verbose url raw /morgan
136 verbose url resolving [ 'https://registry.npmjs.org/', './morgan' ]
137 verbose url resolved https://registry.npmjs.org/morgan
138 verbose request where is https://registry.npmjs.org/morgan
139 info trying registry request attempt 1 at 18:36:03
140 verbose etag "D86IYCFD1NCK4LPNHAUEDLKRI"
141 http GET https://registry.npmjs.org/morgan
142 verbose request where is /lodash
143 verbose request registry https://registry.npmjs.org/
144 verbose url raw /lodash
145 verbose url resolving [ 'https://registry.npmjs.org/', './lodash' ]
146 verbose url resolved https://registry.npmjs.org/lodash
147 verbose request where is https://registry.npmjs.org/lodash
148 info trying registry request attempt 1 at 18:36:03
149 verbose etag "68ALZJGUNLBO0LKRM78DIR1D"
150 http GET https://registry.npmjs.org/lodash
151 verbose request where is /mongoose
152 verbose request registry https://registry.npmjs.org/
153 verbose url raw /mongoose
154 verbose url resolving [ 'https://registry.npmjs.org/', './mongoose' ]
155 verbose url resolved https://registry.npmjs.org/mongoose
156 verbose request where is https://registry.npmjs.org/mongoose
157 info trying registry request attempt 1 at 18:36:04
158 verbose etag "CV9157WHIHLR3IJ45RF91M28E"
159 http GET https://registry.npmjs.org/mongoose
160 verbose request where is /node-sass-middleware
161 verbose request registry https://registry.npmjs.org/
162 verbose url raw /node-sass-middleware
163 verbose url resolving [ 'https://registry.npmjs.org/', './node-sass-middleware' ]
164 verbose url resolved https://registry.npmjs.org/node-sass-middleware
165 verbose request where is https://registry.npmjs.org/node-sass-middleware
166 info trying registry request attempt 1 at 18:36:04
167 verbose etag "8N7WLF9RCF48KAS53SYLJ2R9A"
168 http GET https://registry.npmjs.org/node-sass-middleware
169 verbose request where is /nodemon
170 verbose request registry https://registry.npmjs.org/
171 verbose url raw /nodemon
172 verbose url resolving [ 'https://registry.npmjs.org/', './nodemon' ]
173 verbose url resolved https://registry.npmjs.org/nodemon
174 verbose request where is https://registry.npmjs.org/nodemon
175 info trying registry request attempt 1 at 18:36:04
176 verbose etag "3AU2SJYX0TSCQKM4SECNWN0LT"
177 http GET https://registry.npmjs.org/nodemon
178 http 200 https://registry.npmjs.org/morgan
179 silly registry.get cb [ 200,
179 silly registry.get   { server: 'CouchDB/1.5.0 (Erlang OTP/R16B03)',
179 silly registry.get     etag: '"DTJEV32KHKF019TFMDEBKOF4O"',
179 silly registry.get     'content-type': 'application/json',
179 silly registry.get     'cache-control': 'max-age=60',
179 silly registry.get     'content-length': '42402',
179 silly registry.get     'accept-ranges': 'bytes',
179 silly registry.get     date: 'Thu, 08 Oct 2015 22:36:04 GMT',
179 silly registry.get     via: '1.1 varnish',
179 silly registry.get     age: '13',
179 silly registry.get     connection: 'keep-alive',
179 silly registry.get     'x-served-by': 'cache-jfk1021-JFK',
179 silly registry.get     'x-cache': 'HIT',
179 silly registry.get     'x-cache-hits': '1',
179 silly registry.get     'x-timer': 'S1444343764.400062,VS0,VE1',
179 silly registry.get     vary: 'Accept' } ]
180 silly addNameRange number 2 { name: 'morgan', range: '>=1.6.1-0 <2.0.0-0', hasData: true }
181 silly addNameRange versions [ 'morgan',
181 silly addNameRange   [ '1.0.0',
181 silly addNameRange     '1.0.1',
181 silly addNameRange     '1.1.0',
181 silly addNameRange     '1.1.1',
181 silly addNameRange     '1.2.0',
181 silly addNameRange     '1.2.1',
181 silly addNameRange     '1.2.2',
181 silly addNameRange     '1.2.3',
181 silly addNameRange     '1.3.0',
181 silly addNameRange     '1.3.1',
181 silly addNameRange     '1.3.2',
181 silly addNameRange     '1.4.0',
181 silly addNameRange     '1.4.1',
181 silly addNameRange     '1.5.0',
181 silly addNameRange     '1.5.1',
181 silly addNameRange     '1.5.2',
181 silly addNameRange     '1.5.3',
181 silly addNameRange     '1.6.0',
181 silly addNameRange     '1.6.1' ] ]
182 verbose addNamed [ 'morgan', '1.6.1' ]
183 verbose addNamed [ '1.6.1', '1.6.1' ]
184 silly lockFile 4ffca82c-morgan-1-6-1 morgan@1.6.1
185 verbose lock morgan@1.6.1 /Users/bfrost/.npm/4ffca82c-morgan-1-6-1.lock
186 silly lockFile 4ffca82c-morgan-1-6-1 morgan@1.6.1
187 silly lockFile 4ffca82c-morgan-1-6-1 morgan@1.6.1
188 silly lockFile 91ec9a1a-morgan-1-6-1 morgan@^1.6.1
189 silly lockFile 91ec9a1a-morgan-1-6-1 morgan@^1.6.1
190 http 200 https://registry.npmjs.org/bluebird
191 silly registry.get cb [ 200,
191 silly registry.get   { server: 'CouchDB/1.5.0 (Erlang OTP/R16B03)',
191 silly registry.get     etag: '"ES93LA3SST334CVEUOCBZNJM"',
191 silly registry.get     'content-type': 'application/json',
191 silly registry.get     'cache-control': 'max-age=60',
191 silly registry.get     'content-length': '344380',
191 silly registry.get     'accept-ranges': 'bytes',
191 silly registry.get     date: 'Thu, 08 Oct 2015 22:36:04 GMT',
191 silly registry.get     via: '1.1 varnish',
191 silly registry.get     age: '56',
191 silly registry.get     connection: 'keep-alive',
191 silly registry.get     'x-served-by': 'cache-jfk1030-JFK',
191 silly registry.get     'x-cache': 'HIT',
191 silly registry.get     'x-cache-hits': '5',
191 silly registry.get     'x-timer': 'S1444343764.396715,VS0,VE0',
191 silly registry.get     vary: 'Accept' } ]
192 http 200 https://registry.npmjs.org/lodash
193 silly registry.get cb [ 200,
193 silly registry.get   { server: 'CouchDB/1.5.0 (Erlang OTP/R16B03)',
193 silly registry.get     etag: '"BSTJSKKSN92CUVXMMDDXNV9DO"',
193 silly registry.get     'content-type': 'application/json',
193 silly registry.get     'cache-control': 'max-age=60',
193 silly registry.get     'content-length': '109591',
193 silly registry.get     'accept-ranges': 'bytes',
193 silly registry.get     date: 'Thu, 08 Oct 2015 22:36:04 GMT',
193 silly registry.get     via: '1.1 varnish',
193 silly registry.get     age: '28',
193 silly registry.get     connection: 'keep-alive',
193 silly registry.get     'x-served-by': 'cache-jfk1021-JFK',
193 silly registry.get     'x-cache': 'HIT',
193 silly registry.get     'x-cache-hits': '20',
193 silly registry.get     'x-timer': 'S1444343764.432834,VS0,VE0',
193 silly registry.get     vary: 'Accept' } ]
194 http 200 https://registry.npmjs.org/shortid
195 silly registry.get cb [ 200,
195 silly registry.get   { server: 'CouchDB/1.5.0 (Erlang OTP/R16B03)',
195 silly registry.get     etag: '"EN1ZC5SWHSBRBFVRDEMS6WNG2"',
195 silly registry.get     'content-type': 'application/json',
195 silly registry.get     'cache-control': 'max-age=60',
195 silly registry.get     'content-length': '32249',
195 silly registry.get     'accept-ranges': 'bytes',
195 silly registry.get     date: 'Thu, 08 Oct 2015 22:36:04 GMT',
195 silly registry.get     via: '1.1 varnish',
195 silly registry.get     age: '0',
195 silly registry.get     connection: 'keep-alive',
195 silly registry.get     'x-served-by': 'cache-jfk1020-JFK',
195 silly registry.get     'x-cache': 'HIT',
195 silly registry.get     'x-cache-hits': '1',
195 silly registry.get     'x-timer': 'S1444343764.398580,VS0,VE86',
195 silly registry.get     vary: 'Accept' } ]
196 silly addNameRange number 2 { name: 'bluebird', range: '>=2.10.2-0 <3.0.0-0', hasData: true }
197 silly addNameRange versions [ 'bluebird',
197 silly addNameRange   [ '0.7.1-1',
197 silly addNameRange     '0.7.1-2',
197 silly addNameRange     '0.7.1-3',
197 silly addNameRange     '0.7.1-4',
197 silly addNameRange     '0.7.1-5',
197 silly addNameRange     '0.7.2-0',
197 silly addNameRange     '0.7.3-0',
197 silly addNameRange     '0.7.4-0',
197 silly addNameRange     '0.7.4-1',
197 silly addNameRange     '0.7.5-0',
197 silly addNameRange     '0.7.6-0',
197 silly addNameRange     '0.7.7-0',
197 silly addNameRange     '0.7.7-1',
197 silly addNameRange     '0.7.8-0',
197 silly addNameRange     '0.7.8-1',
197 silly addNameRange     '0.7.9-0',
197 silly addNameRange     '0.7.9-1',
197 silly addNameRange     '0.7.10-0',
197 silly addNameRange     '0.7.10-1',
197 silly addNameRange     '0.7.11-0',
197 silly addNameRange     '0.7.12-0',
197 silly addNameRange     '0.7.12-1',
197 silly addNameRange     '0.7.12-2',
197 silly addNameRange     '0.8.0-0',
197 silly addNameRange     '0.8.0-1',
197 silly addNameRange     '0.8.0-2',
197 silly addNameRange     '0.8.0-3',
197 silly addNameRange     '0.8.1-0',
197 silly addNameRange     '0.8.2-0',
197 silly addNameRange     '0.8.2-1',
197 silly addNameRange     '0.8.2-2',
197 silly addNameRange     '0.8.3-0',
197 silly addNameRange     '0.8.3-1',
197 silly addNameRange     '0.8.3-2',
197 silly addNameRange     '0.8.3-3',
197 silly addNameRange     '0.8.4-0',
197 silly addNameRange     '0.8.4-1',
197 silly addNameRange     '0.8.5-0',
197 silly addNameRange     '0.8.5-1',
197 silly addNameRange     '0.9.0-0',
197 silly addNameRange     '0.9.1-0',
197 silly addNameRange     '0.9.1-1',
197 silly addNameRange     '0.9.2-0',
197 silly addNameRange     '0.9.2-1',
197 silly addNameRange     '0.9.3-0',
197 silly addNameRange     '0.9.4-0',
197 silly addNameRange     '0.9.4-1',
197 silly addNameRange     '0.9.5-0',
197 silly addNameRange     '0.9.6-0',
197 silly addNameRange     '0.9.7-0',
197 silly addNameRange     '0.9.8-0',
197 silly addNameRange     '0.9.9-0',
197 silly addNameRange     '0.9.10-0',
197 silly addNameRange     '0.9.10-1',
197 silly addNameRange     '0.9.11-0',
197 silly addNameRange     '0.9.11-1',
197 silly addNameRange     '0.10.0-0',
197 silly addNameRange     '0.10.0-1',
197 silly addNameRange     '0.10.1-0',
197 silly addNameRange     '0.10.2-0',
197 silly addNameRange     '0.10.2-1',
197 silly addNameRange     '0.10.3-0',
197 silly addNameRange     '0.10.4-0',
197 silly addNameRange     '0.10.4-1',
197 silly addNameRange     '0.10.5-0',
197 silly addNameRange     '0.10.6-0',
197 silly addNameRange     '0.10.7-0',
197 silly addNameRange     '0.10.8-0',
197 silly addNameRange     '0.10.9-0',
197 silly addNameRange     '0.10.9-1',
197 silly addNameRange     '0.10.10-0',
197 silly addNameRange     '0.10.11-0',
197 silly addNameRange     '0.10.11-1',
197 silly addNameRange     '0.10.11-2',
197 silly addNameRange     '0.10.11-4',
197 silly addNameRange     '0.10.12-0',
197 silly addNameRange     '0.10.13-0',
197 silly addNameRange     '0.10.13-1',
197 silly addNameRange     '0.10.14-0',
197 silly addNameRange     '0.11.0-0',
197 silly addNameRange     '0.11.1-0',
197 silly addNameRange     '0.11.2-0',
197 silly addNameRange     '0.11.3-0',
197 silly addNameRange     '0.11.4-0',
197 silly addNameRange     '0.11.4-1',
197 silly addNameRange     '0.11.5-0',
197 silly addNameRange     '0.11.5-1',
197 silly addNameRange     '0.11.6-0',
197 silly addNameRange     '1.0.0',
197 silly addNameRange     '1.0.1',
197 silly addNameRange     '1.0.2',
197 silly addNameRange     '1.0.3',
197 silly addNameRange     '1.0.4',
197 silly addNameRange     '1.0.5',
197 silly addNameRange     '1.0.7',
197 silly addNameRange     '1.0.8',
197 silly addNameRange     '1.1.0',
197 silly addNameRange     '1.1.1',
197 silly addNameRange     '1.2.0',
197 silly addNameRange     '1.2.1',
197 silly addNameRange     '1.2.2',
197 silly addNameRange     '1.2.3',
197 silly addNameRange     '1.2.4',
197 silly addNameRange     '2.0.2',
197 silly addNameRange     '2.0.3',
197 silly addNameRange     '2.0.4',
197 silly addNameRange     '2.0.5',
197 silly addNameRange     '2.0.6',
197 silly addNameRange     '2.0.7',
197 silly addNameRange     '2.1.1',
197 silly addNameRange     '2.1.2',
197 silly addNameRange     '2.1.3',
197 silly addNameRange     '2.2.0',
197 silly addNameRange     '2.2.1',
197 silly addNameRange     '2.2.2',
197 silly addNameRange     '2.3.0',
197 silly addNameRange     '2.3.1',
197 silly addNameRange     '2.3.2',
197 silly addNameRange     '2.3.3',
197 silly addNameRange     '2.3.4',
197 silly addNameRange     '2.3.5',
197 silly addNameRange     '0.11.6',
197 silly addNameRange     '2.3.6',
197 silly addNameRange     '2.3.9',
197 silly addNameRange     '2.3.10',
197 silly addNameRange     '2.3.11',
197 silly addNameRange     '2.4.0',
197 silly addNameRange     '2.4.1',
197 silly addNameRange     '2.4.2',
197 silly addNameRange     '2.4.3',
197 silly addNameRange     '2.5.0',
197 silly addNameRange     '2.5.1',
197 silly addNameRange     '2.5.2',
197 silly addNameRange     '2.5.3',
197 silly addNameRange     '2.6.0',
197 silly addNameRange     '2.6.1',
197 silly addNameRange     '2.6.2',
197 silly addNameRange     '2.6.3',
197 silly addNameRange     '2.6.4',
197 silly addNameRange     '2.7.0',
197 silly addNameRange     '2.7.1',
197 silly addNameRange     '2.8.0',
197 silly addNameRange     '2.8.1',
197 silly addNameRange     '2.8.2',
197 silly addNameRange     '2.9.0',
197 silly addNameRange     '2.9.1',
197 silly addNameRange     '2.9.2',
197 silly addNameRange     '2.9.3',
197 silly addNameRange     '2.9.4',
197 silly addNameRange     '2.9.5',
197 silly addNameRange     '2.9.6',
197 silly addNameRange     '2.9.7',
197 silly addNameRange     '2.9.8',
197 silly addNameRange     '2.9.9',
197 silly addNameRange     '2.9.10',
197 silly addNameRange     '2.9.11',
197 silly addNameRange     '2.9.12',
197 silly addNameRange     '2.9.13',
197 silly addNameRange     '2.9.14',
197 silly addNameRange     '2.9.15',
197 silly addNameRange     '2.9.16',
197 silly addNameRange     '2.9.17',
197 silly addNameRange     '2.9.18',
197 silly addNameRange     '2.9.19',
197 silly addNameRange     '2.9.20',
197 silly addNameRange     '2.9.21',
197 silly addNameRange     '2.9.22',
197 silly addNameRange     '2.9.23',
197 silly addNameRange     '2.9.24',
197 silly addNameRange     '2.9.25',
197 silly addNameRange     '2.9.26',
197 silly addNameRange     '2.9.27',
197 silly addNameRange     '2.9.28',
197 silly addNameRange     '2.9.29',
197 silly addNameRange     '2.9.30',
197 silly addNameRange     '2.9.31',
197 silly addNameRange     '2.9.32',
197 silly addNameRange     '2.9.33',
197 silly addNameRange     '2.9.34',
197 silly addNameRange     '2.10.0',
197 silly addNameRange     '2.10.1',
197 silly addNameRange     '2.10.2' ] ]
198 verbose addNamed [ 'bluebird', '2.10.2' ]
199 verbose addNamed [ '2.10.2', '2.10.2' ]
200 silly lockFile 53b7418d-bluebird-2-10-2 bluebird@2.10.2
201 verbose lock bluebird@2.10.2 /Users/bfrost/.npm/53b7418d-bluebird-2-10-2.lock
202 silly addNameRange number 2 { name: 'lodash', range: '>=3.10.1-0 <4.0.0-0', hasData: true }
203 silly addNameRange versions [ 'lodash',
203 silly addNameRange   [ '0.1.0',
203 silly addNameRange     '0.2.0',
203 silly addNameRange     '0.2.1',
203 silly addNameRange     '0.2.2',
203 silly addNameRange     '0.3.0',
203 silly addNameRange     '0.3.1',
203 silly addNameRange     '0.3.2',
203 silly addNameRange     '0.4.0',
203 silly addNameRange     '0.4.1',
203 silly addNameRange     '0.4.2',
203 silly addNameRange     '0.5.0-rc.1',
203 silly addNameRange     '0.5.0',
203 silly addNameRange     '0.5.1',
203 silly addNameRange     '0.5.2',
203 silly addNameRange     '0.6.0',
203 silly addNameRange     '0.6.1',
203 silly addNameRange     '0.7.0',
203 silly addNameRange     '0.8.0',
203 silly addNameRange     '0.8.1',
203 silly addNameRange     '0.8.2',
203 silly addNameRange     '0.9.0',
203 silly addNameRange     '0.9.1',
203 silly addNameRange     '0.9.2',
203 silly addNameRange     '0.10.0',
203 silly addNameRange     '1.0.0-rc.1',
203 silly addNameRange     '1.0.0-rc.2',
203 silly addNameRange     '1.0.0-rc.3',
203 silly addNameRange     '1.0.0',
203 silly addNameRange     '1.0.1',
203 silly addNameRange     '1.1.0',
203 silly addNameRange     '1.1.1',
203 silly addNameRange     '1.2.0',
203 silly addNameRange     '1.2.1',
203 silly addNameRange     '1.3.0',
203 silly addNameRange     '1.3.1',
203 silly addNameRange     '2.0.0',
203 silly addNameRange     '2.1.0',
203 silly addNameRange     '2.2.0',
203 silly addNameRange     '2.2.1',
203 silly addNameRange     '2.3.0',
203 silly addNameRange     '2.4.0',
203 silly addNameRange     '2.4.1',
203 silly addNameRange     '3.0.0',
203 silly addNameRange     '3.0.1',
203 silly addNameRange     '3.1.0',
203 silly addNameRange     '3.2.0',
203 silly addNameRange     '3.3.0',
203 silly addNameRange     '3.3.1',
203 silly addNameRange     '3.4.0',
203 silly addNameRange     '3.5.0',
203 silly addNameRange     '3.6.0',
203 silly addNameRange     '1.0.2',
203 silly addNameRange     '3.7.0',
203 silly addNameRange     '2.4.2',
203 silly addNameRange     '3.8.0',
203 silly addNameRange     '3.9.0',
203 silly addNameRange     '3.9.1',
203 silly addNameRange     '3.9.2',
203 silly addNameRange     '3.9.3',
203 silly addNameRange     '3.10.0',
203 silly addNameRange     '3.10.1' ] ]
204 verbose addNamed [ 'lodash', '3.10.1' ]
205 verbose addNamed [ '3.10.1', '3.10.1' ]
206 silly lockFile 8e3ad7e2-lodash-3-10-1 lodash@3.10.1
207 verbose lock lodash@3.10.1 /Users/bfrost/.npm/8e3ad7e2-lodash-3-10-1.lock
208 silly addNameRange number 2 { name: 'shortid', range: '>=2.2.2-0 <3.0.0-0', hasData: true }
209 silly addNameRange versions [ 'shortid',
209 silly addNameRange   [ '1.0.0',
209 silly addNameRange     '1.0.1',
209 silly addNameRange     '1.0.2',
209 silly addNameRange     '1.0.3',
209 silly addNameRange     '1.0.5',
209 silly addNameRange     '1.0.6',
209 silly addNameRange     '1.0.7',
209 silly addNameRange     '1.0.8',
209 silly addNameRange     '1.0.9',
209 silly addNameRange     '2.0.0',
209 silly addNameRange     '2.0.1',
209 silly addNameRange     '2.1.0',
209 silly addNameRange     '2.1.1',
209 silly addNameRange     '2.1.2',
209 silly addNameRange     '2.1.3',
209 silly addNameRange     '2.2.1',
209 silly addNameRange     '2.2.2' ] ]
210 verbose addNamed [ 'shortid', '2.2.2' ]
211 verbose addNamed [ '2.2.2', '2.2.2' ]
212 silly lockFile 080c4e59-shortid-2-2-2 shortid@2.2.2
213 verbose lock shortid@2.2.2 /Users/bfrost/.npm/080c4e59-shortid-2-2-2.lock
214 silly lockFile c97fcbdf-org-bluebird-bluebird-2-10-2-tgz https://registry.npmjs.org/bluebird/-/bluebird-2.10.2.tgz
215 verbose lock https://registry.npmjs.org/bluebird/-/bluebird-2.10.2.tgz /Users/bfrost/.npm/c97fcbdf-org-bluebird-bluebird-2-10-2-tgz.lock
216 http 200 https://registry.npmjs.org/node-sass-middleware
217 silly registry.get cb [ 200,
217 silly registry.get   { server: 'CouchDB/1.5.0 (Erlang OTP/R16B03)',
217 silly registry.get     etag: '"2VOJ3IL9210CHGJP092CUZ1X6"',
217 silly registry.get     'content-type': 'application/json',
217 silly registry.get     'cache-control': 'max-age=60',
217 silly registry.get     'content-length': '19517',
217 silly registry.get     'accept-ranges': 'bytes',
217 silly registry.get     date: 'Thu, 08 Oct 2015 22:36:04 GMT',
217 silly registry.get     via: '1.1 varnish',
217 silly registry.get     age: '7',
217 silly registry.get     connection: 'keep-alive',
217 silly registry.get     'x-served-by': 'cache-jfk1021-JFK',
217 silly registry.get     'x-cache': 'HIT',
217 silly registry.get     'x-cache-hits': '1',
217 silly registry.get     'x-timer': 'S1444343764.511720,VS0,VE0',
217 silly registry.get     vary: 'Accept' } ]
218 verbose addRemoteTarball [ 'https://registry.npmjs.org/bluebird/-/bluebird-2.10.2.tgz',
218 verbose addRemoteTarball   '024a5517295308857f14f91f1106fc3b555f446b' ]
219 silly lockFile 7f40b9df-js-org-shortid-shortid-2-2-2-tgz https://registry.npmjs.org/shortid/-/shortid-2.2.2.tgz
220 verbose lock https://registry.npmjs.org/shortid/-/shortid-2.2.2.tgz /Users/bfrost/.npm/7f40b9df-js-org-shortid-shortid-2-2-2-tgz.lock
221 verbose addRemoteTarball [ 'https://registry.npmjs.org/shortid/-/shortid-2.2.2.tgz',
221 verbose addRemoteTarball   '7b76bffb6b719aef8b1886dab2488fb5a97ce53a' ]
222 silly lockFile 43c9d35b-e-node-sass-middleware-0-9-0-tgz https://registry.npmjs.org/node-sass-middleware/-/node-sass-middleware-0.9.0.tgz
223 verbose lock https://registry.npmjs.org/node-sass-middleware/-/node-sass-middleware-0.9.0.tgz /Users/bfrost/.npm/43c9d35b-e-node-sass-middleware-0-9-0-tgz.lock
224 verbose addRemoteTarball [ 'https://registry.npmjs.org/node-sass-middleware/-/node-sass-middleware-0.9.0.tgz',
224 verbose addRemoteTarball   'd08d02f91870761da79ae26e4f6f0fe1d6b11b79' ]
225 info retry fetch attempt 1 at 18:36:04
226 verbose fetch to= /var/folders/wh/ffvls7ss2q59swl7cmhxqh9w00484v/T/npm-2930-eX8QXWGi/registry.npmjs.org/bluebird/-/bluebird-2.10.2.tgz
227 info retry fetch attempt 1 at 18:36:04
228 verbose fetch to= /var/folders/wh/ffvls7ss2q59swl7cmhxqh9w00484v/T/npm-2930-eX8QXWGi/registry.npmjs.org/shortid/-/shortid-2.2.2.tgz
229 http GET https://registry.npmjs.org/bluebird/-/bluebird-2.10.2.tgz
230 http GET https://registry.npmjs.org/shortid/-/shortid-2.2.2.tgz
231 info retry fetch attempt 1 at 18:36:04
232 verbose fetch to= /var/folders/wh/ffvls7ss2q59swl7cmhxqh9w00484v/T/npm-2930-eX8QXWGi/registry.npmjs.org/node-sass-middleware/-/node-sass-middleware-0.9.0.tgz
233 http 200 https://registry.npmjs.org/chance
234 silly registry.get cb [ 200,
234 silly registry.get   { server: 'CouchDB/1.5.0 (Erlang OTP/R16B03)',
234 silly registry.get     etag: '"20X72D1AXNV903A54AGKLM9F1"',
234 silly registry.get     'content-type': 'application/json',
234 silly registry.get     'cache-control': 'max-age=60',
234 silly registry.get     'content-length': '52555',
234 silly registry.get     'accept-ranges': 'bytes',
234 silly registry.get     date: 'Thu, 08 Oct 2015 22:36:04 GMT',
234 silly registry.get     via: '1.1 varnish',
234 silly registry.get     age: '0',
234 silly registry.get     connection: 'keep-alive',
234 silly registry.get     'x-served-by': 'cache-jfk1031-JFK',
234 silly registry.get     'x-cache': 'HIT',
234 silly registry.get     'x-cache-hits': '1',
234 silly registry.get     'x-timer': 'S1444343764.394291,VS0,VE87',
234 silly registry.get     vary: 'Accept' } ]
235 silly lockFile 8e3ad7e2-lodash-3-10-1 lodash@3.10.1
236 silly lockFile 8e3ad7e2-lodash-3-10-1 lodash@3.10.1
237 http GET https://registry.npmjs.org/node-sass-middleware/-/node-sass-middleware-0.9.0.tgz
238 silly lockFile 878fcc15-lodash-3-10-1 lodash@^3.10.1
239 silly lockFile 878fcc15-lodash-3-10-1 lodash@^3.10.1
240 silly addNameRange number 2 { name: 'chance', range: '>=0.8.0-0 <0.9.0-0', hasData: true }
241 silly addNameRange versions [ 'chance',
241 silly addNameRange   [ '0.1.0',
241 silly addNameRange     '0.1.1',
241 silly addNameRange     '0.2.0',
241 silly addNameRange     '0.2.1',
241 silly addNameRange     '0.3.0',
241 silly addNameRange     '0.3.1',
241 silly addNameRange     '0.3.3',
241 silly addNameRange     '0.4.0',
241 silly addNameRange     '0.4.2',
241 silly addNameRange     '0.4.3',
241 silly addNameRange     '0.5.0',
241 silly addNameRange     '0.5.1',
241 silly addNameRange     '0.5.2',
241 silly addNameRange     '0.5.3',
241 silly addNameRange     '0.5.4',
241 silly addNameRange     '0.5.5',
241 silly addNameRange     '0.5.6',
241 silly addNameRange     '0.5.7',
241 silly addNameRange     '0.5.8',
241 silly addNameRange     '0.5.9',
241 silly addNameRange     '0.6.0',
241 silly addNameRange     '0.6.1',
241 silly addNameRange     '0.6.2',
241 silly addNameRange     '0.6.3',
241 silly addNameRange     '0.6.4',
241 silly addNameRange     '0.7.0',
241 silly addNameRange     '0.7.1',
241 silly addNameRange     '0.7.2',
241 silly addNameRange     '0.7.3',
241 silly addNameRange     '0.7.4',
241 silly addNameRange     '0.7.5',
241 silly addNameRange     '0.7.6',
241 silly addNameRange     '0.7.7',
241 silly addNameRange     '0.8.0' ] ]
242 verbose addNamed [ 'chance', '0.8.0' ]
243 verbose addNamed [ '0.8.0', '0.8.0' ]
244 silly lockFile c7f39287-chance-0-8-0 chance@0.8.0
245 verbose lock chance@0.8.0 /Users/bfrost/.npm/c7f39287-chance-0-8-0.lock
246 silly lockFile e9ff265f-pmjs-org-chance-chance-0-8-0-tgz https://registry.npmjs.org/chance/-/chance-0.8.0.tgz
247 verbose lock https://registry.npmjs.org/chance/-/chance-0.8.0.tgz /Users/bfrost/.npm/e9ff265f-pmjs-org-chance-chance-0-8-0-tgz.lock
248 verbose addRemoteTarball [ 'https://registry.npmjs.org/chance/-/chance-0.8.0.tgz',
248 verbose addRemoteTarball   'b48b7f1f16b7fcc1c4496fd2e6ebfff13f47ed24' ]
249 info retry fetch attempt 1 at 18:36:04
250 verbose fetch to= /var/folders/wh/ffvls7ss2q59swl7cmhxqh9w00484v/T/npm-2930-eX8QXWGi/registry.npmjs.org/chance/-/chance-0.8.0.tgz
251 http GET https://registry.npmjs.org/chance/-/chance-0.8.0.tgz
252 http 200 https://registry.npmjs.org/express
253 silly registry.get cb [ 200,
253 silly registry.get   { server: 'CouchDB/1.5.0 (Erlang OTP/R16B03)',
253 silly registry.get     etag: '"8LVCJV70MHHBQS6U4JDQF1IQ9"',
253 silly registry.get     'content-type': 'application/json',
253 silly registry.get     'cache-control': 'max-age=60',
253 silly registry.get     'content-length': '527385',
253 silly registry.get     'accept-ranges': 'bytes',
253 silly registry.get     date: 'Thu, 08 Oct 2015 22:36:04 GMT',
253 silly registry.get     via: '1.1 varnish',
253 silly registry.get     age: '54',
253 silly registry.get     connection: 'keep-alive',
253 silly registry.get     'x-served-by': 'cache-jfk1021-JFK',
253 silly registry.get     'x-cache': 'HIT',
253 silly registry.get     'x-cache-hits': '4',
253 silly registry.get     'x-timer': 'S1444343764.401972,VS0,VE0',
253 silly registry.get     vary: 'Accept' } ]
254 http 200 https://registry.npmjs.org/nodemon
255 silly registry.get cb [ 200,
255 silly registry.get   { server: 'CouchDB/1.5.0 (Erlang OTP/R16B03)',
255 silly registry.get     etag: '"471SGW5PLVL5CRDQNJ5D0VX17"',
255 silly registry.get     'content-type': 'application/json',
255 silly registry.get     'cache-control': 'max-age=60',
255 silly registry.get     'content-length': '173398',
255 silly registry.get     'accept-ranges': 'bytes',
255 silly registry.get     date: 'Thu, 08 Oct 2015 22:36:04 GMT',
255 silly registry.get     via: '1.1 varnish',
255 silly registry.get     age: '0',
255 silly registry.get     connection: 'keep-alive',
255 silly registry.get     'x-served-by': 'cache-jfk1020-JFK',
255 silly registry.get     'x-cache': 'HIT',
255 silly registry.get     'x-cache-hits': '1',
255 silly registry.get     'x-timer': 'S1444343764.526511,VS0,VE19',
255 silly registry.get     vary: 'Accept' } ]
256 silly addNameRange number 2 { name: 'express', range: '>=4.13.3-0 <5.0.0-0', hasData: true }
257 silly addNameRange versions [ 'express',
257 silly addNameRange   [ '0.14.0',
257 silly addNameRange     '0.14.1',
257 silly addNameRange     '1.0.0',
257 silly addNameRange     '1.0.1',
257 silly addNameRange     '1.0.2',
257 silly addNameRange     '1.0.3',
257 silly addNameRange     '1.0.4',
257 silly addNameRange     '1.0.5',
257 silly addNameRange     '1.0.6',
257 silly addNameRange     '1.0.7',
257 silly addNameRange     '1.0.8',
257 silly addNameRange     '2.0.0',
257 silly addNameRange     '2.1.0',
257 silly addNameRange     '2.1.1',
257 silly addNameRange     '2.2.0',
257 silly addNameRange     '2.2.1',
257 silly addNameRange     '2.2.2',
257 silly addNameRange     '2.3.0',
257 silly addNameRange     '2.3.1',
257 silly addNameRange     '2.3.2',
257 silly addNameRange     '2.3.3',
257 silly addNameRange     '2.3.4',
257 silly addNameRange     '2.3.5',
257 silly addNameRange     '2.3.6',
257 silly addNameRange     '2.3.7',
257 silly addNameRange     '2.3.8',
257 silly addNameRange     '2.3.9',
257 silly addNameRange     '2.3.10',
257 silly addNameRange     '2.3.11',
257 silly addNameRange     '2.3.12',
257 silly addNameRange     '2.4.0',
257 silly addNameRange     '2.4.1',
257 silly addNameRange     '2.4.2',
257 silly addNameRange     '2.4.3',
257 silly addNameRange     '2.4.4',
257 silly addNameRange     '2.4.5',
257 silly addNameRange     '2.4.6',
257 silly addNameRange     '2.4.7',
257 silly addNameRange     '2.5.0',
257 silly addNameRange     '2.5.1',
257 silly addNameRange     '2.5.2',
257 silly addNameRange     '2.5.3',
257 silly addNameRange     '2.5.4',
257 silly addNameRange     '2.5.5',
257 silly addNameRange     '2.5.6',
257 silly addNameRange     '2.5.7',
257 silly addNameRange     '2.5.8',
257 silly addNameRange     '2.5.9',
257 silly addNameRange     '2.5.10',
257 silly addNameRange     '2.5.11',
257 silly addNameRange     '3.0.0',
257 silly addNameRange     '3.0.1',
257 silly addNameRange     '3.0.2',
257 silly addNameRange     '3.0.3',
257 silly addNameRange     '3.0.4',
257 silly addNameRange     '3.0.5',
257 silly addNameRange     '3.0.6',
257 silly addNameRange     '3.1.0',
257 silly addNameRange     '3.1.1',
257 silly addNameRange     '3.1.2',
257 silly addNameRange     '3.2.0',
257 silly addNameRange     '3.2.1',
257 silly addNameRange     '3.2.2',
257 silly addNameRange     '3.2.3',
257 silly addNameRange     '3.2.4',
257 silly addNameRange     '3.2.5',
257 silly addNameRange     '3.2.6',
257 silly addNameRange     '3.3.0',
257 silly addNameRange     '3.3.1',
257 silly addNameRange     '3.3.2',
257 silly addNameRange     '3.3.3',
257 silly addNameRange     '3.3.4',
257 silly addNameRange     '3.3.5',
257 silly addNameRange     '3.3.6',
257 silly addNameRange     '1.0.0-beta',
257 silly addNameRange     '1.0.0-beta2',
257 silly addNameRange     '1.0.0-rc',
257 silly addNameRange     '1.0.0-rc2',
257 silly addNameRange     '1.0.0-rc3',
257 silly addNameRange     '1.0.0-rc4',
257 silly addNameRange     '2.0.0-beta',
257 silly addNameRange     '2.0.0-beta2',
257 silly addNameRange     '2.0.0-beta3',
257 silly addNameRange     '2.0.0-rc',
257 silly addNameRange     '2.0.0-rc2',
257 silly addNameRange     '2.0.0-rc3',
257 silly addNameRange     '3.0.0-alpha1',
257 silly addNameRange     '3.0.0-alpha2',
257 silly addNameRange     '3.0.0-alpha3',
257 silly addNameRange     '3.0.0-alpha4',
257 silly addNameRange     '3.0.0-alpha5',
257 silly addNameRange     '3.0.0-beta1',
257 silly addNameRange     '3.0.0-beta2',
257 silly addNameRange     '3.0.0-beta3',
257 silly addNameRange     '3.0.0-beta4',
257 silly addNameRange     '3.0.0-beta6',
257 silly addNameRange     '3.0.0-beta7',
257 silly addNameRange     '3.0.0-rc1',
257 silly addNameRange     '3.0.0-rc2',
257 silly addNameRange     '3.0.0-rc3',
257 silly addNameRange     '3.0.0-rc4',
257 silly addNameRange     '3.0.0-rc5',
257 silly addNameRange     '3.3.7',
257 silly addNameRange     '3.3.8',
257 silly addNameRange     '3.4.0',
257 silly addNameRange     '3.4.1',
257 silly addNameRange     '3.4.2',
257 silly addNameRange     '3.4.3',
257 silly addNameRange     '3.4.4',
257 silly addNameRange     '3.4.5',
257 silly addNameRange     '3.4.6',
257 silly addNameRange     '3.4.7',
257 silly addNameRange     '3.4.8',
257 silly addNameRange     '4.0.0-rc1',
257 silly addNameRange     '4.0.0-rc2',
257 silly addNameRange     '3.5.0',
257 silly addNameRange     '4.0.0-rc3',
257 silly addNameRange     '4.0.0-rc4',
257 silly addNameRange     '3.5.1',
257 silly addNameRange     '4.0.0',
257 silly addNameRange     '3.5.2',
257 silly addNameRange     '4.1.0',
257 silly addNameRange     '4.1.1',
257 silly addNameRange     '3.5.3',
257 silly addNameRange     '4.1.2',
257 silly addNameRange     '3.6.0',
257 silly addNameRange     '4.2.0',
257 silly addNameRange     '3.7.0',
257 silly addNameRange     '3.8.0',
257 silly addNameRange     '4.3.0',
257 silly addNameRange     '4.3.1',
257 silly addNameRange     '3.8.1',
257 silly addNameRange     '4.3.2',
257 silly addNameRange     '3.9.0',
257 silly addNameRange     '4.4.0',
257 silly addNameRange     '4.4.1',
257 silly addNameRange     '3.10.0',
257 silly addNameRange     '3.10.1',
257 silly addNameRange     '3.10.2',
257 silly addNameRange     '3.10.3',
257 silly addNameRange     '3.10.4',
257 silly addNameRange     '4.4.2',
257 silly addNameRange     '3.10.5',
257 silly addNameRange     '4.4.3',
257 silly addNameRange     '3.11.0',
257 silly addNameRange     '4.4.4',
257 silly addNameRange     '3.12.0',
257 silly addNameRange     '3.12.1',
257 silly addNameRange     '4.4.5',
257 silly addNameRange     '3.13.0',
257 silly addNameRange     '4.5.0',
257 silly addNameRange     '4.5.1',
257 silly addNameRange     '3.14.0',
257 silly addNameRange     '4.6.0',
257 silly addNameRange     '4.6.1',
257 silly addNameRange     '3.15.0',
257 silly addNameRange     '4.7.0',
257 silly addNameRange     '3.15.1',
257 silly addNameRange     '4.7.1',
257 silly addNameRange     '3.15.2',
257 silly addNameRange     '4.7.2',
257 silly addNameRange     '4.7.3',
257 silly addNameRange     '3.15.3',
257 silly addNameRange     '4.7.4',
257 silly addNameRange     '3.16.0',
257 silly addNameRange     '4.8.0',
257 silly addNameRange     '3.16.1',
257 silly addNameRange     '4.8.1',
257 silly addNameRange     '3.16.2',
257 silly addNameRange     '4.8.2',
257 silly addNameRange     '3.16.3',
257 silly addNameRange     '3.16.4',
257 silly addNameRange     '4.8.3',
257 silly addNameRange     '3.16.5',
257 silly addNameRange     '3.16.6',
257 silly addNameRange     '4.8.4',
257 silly addNameRange     '3.16.7',
257 silly addNameRange     '4.8.5',
257 silly addNameRange     '3.16.8',
257 silly addNameRange     '4.8.6',
257 silly addNameRange     '3.16.9',
257 silly addNameRange     '4.8.7',
257 silly addNameRange     '3.16.10',
257 silly addNameRange     '4.8.8',
257 silly addNameRange     '3.17.0',
257 silly addNameRange     '3.17.1',
257 silly addNameRange     '4.9.0',
257 silly addNameRange     '3.17.2',
257 silly addNameRange     '4.9.1',
257 silly addNameRange     '4.9.2',
257 silly addNameRange     '3.17.3',
257 silly addNameRange     '4.9.3',
257 silly addNameRange     '3.17.4',
257 silly addNameRange     '4.9.4',
257 silly addNameRange     '3.17.5',
257 silly addNameRange     '4.9.5',
257 silly addNameRange     '3.17.6',
257 silly addNameRange     '3.17.7',
257 silly addNameRange     '4.9.6',
257 silly addNameRange     '4.9.7',
257 silly addNameRange     '3.17.8',
257 silly addNameRange     '4.9.8',
257 silly addNameRange     '3.18.0',
257 silly addNameRange     '3.18.1',
257 silly addNameRange     '4.10.0',
257 silly addNameRange     '3.18.2',
257 silly addNameRange     '4.10.1',
257 silly addNameRange     '5.0.0-alpha.1',
257 silly addNameRange     '3.18.3',
257 silly addNameRange     '4.10.2',
257 silly addNameRange     '3.18.4',
257 silly addNameRange     '4.10.3',
257 silly addNameRange     '4.10.4',
257 silly addNameRange     '4.10.5',
257 silly addNameRange     '3.18.5',
257 silly addNameRange     '3.18.6',
257 silly addNameRange     '4.10.6',
257 silly addNameRange     '4.10.7',
257 silly addNameRange     '3.19.0',
257 silly addNameRange     '4.10.8',
257 silly addNameRange     '4.11.0',
257 silly addNameRange     '3.19.1',
257 silly addNameRange     '4.11.1',
257 silly addNameRange     '3.19.2',
257 silly addNameRange     '4.11.2',
257 silly addNameRange     '3.20.0',
257 silly addNameRange     '4.12.0',
257 silly addNameRange     '3.20.1',
257 silly addNameRange     '4.12.1',
257 silly addNameRange     '4.12.2',
257 silly addNameRange     '3.20.2',
257 silly addNameRange     '4.12.3',
257 silly addNameRange     '3.20.3',
257 silly addNameRange     '4.12.4',
257 silly addNameRange     '3.21.0',
257 silly addNameRange     '4.13.0',
257 silly addNameRange     '3.21.1',
257 silly addNameRange     '4.13.1',
257 silly addNameRange     '5.0.0-alpha.2',
257 silly addNameRange     '3.21.2',
257 silly addNameRange     '4.13.2',
257 silly addNameRange     '4.13.3' ] ]
258 verbose addNamed [ 'express', '4.13.3' ]
259 verbose addNamed [ '4.13.3', '4.13.3' ]
260 silly lockFile 51f1744e-express-4-13-3 express@4.13.3
261 verbose lock express@4.13.3 /Users/bfrost/.npm/51f1744e-express-4-13-3.lock
262 silly addNameRange number 2 { name: 'nodemon', range: '>=1.7.1-0 <2.0.0-0', hasData: true }
263 silly addNameRange versions [ 'nodemon',
263 silly addNameRange   [ '0.1.4',
263 silly addNameRange     '0.1.5',
263 silly addNameRange     '0.1.6',
263 silly addNameRange     '0.1.7',
263 silly addNameRange     '0.1.8',
263 silly addNameRange     '0.2.0',
263 silly addNameRange     '0.2.1',
263 silly addNameRange     '0.2.2',
263 silly addNameRange     '0.3.0',
263 silly addNameRange     '0.3.1',
263 silly addNameRange     '0.3.2',
263 silly addNameRange     '0.4.0',
263 silly addNameRange     '0.4.1',
263 silly addNameRange     '0.5.0',
263 silly addNameRange     '0.5.1',
263 silly addNameRange     '0.5.2',
263 silly addNameRange     '0.5.3',
263 silly addNameRange     '0.5.4',
263 silly addNameRange     '0.5.5',
263 silly addNameRange     '0.5.6',
263 silly addNameRange     '0.5.7',
263 silly addNameRange     '0.6.0',
263 silly addNameRange     '0.6.1',
263 silly addNameRange     '0.6.2',
263 silly addNameRange     '0.6.3',
263 silly addNameRange     '0.6.4',
263 silly addNameRange     '0.6.5',
263 silly addNameRange     '0.6.6',
263 silly addNameRange     '0.6.7',
263 silly addNameRange     '0.6.8',
263 silly addNameRange     '0.6.9',
263 silly addNameRange     '0.6.10',
263 silly addNameRange     '0.6.11',
263 silly addNameRange     '0.6.12',
263 silly addNameRange     '0.6.13',
263 silly addNameRange     '0.6.14',
263 silly addNameRange     '0.6.15',
263 silly addNameRange     '0.6.16',
263 silly addNameRange     '0.6.17',
263 silly addNameRange     '0.6.18',
263 silly addNameRange     '0.6.19',
263 silly addNameRange     '0.6.20',
263 silly addNameRange     '0.6.21',
263 silly addNameRange     '0.6.22',
263 silly addNameRange     '0.6.23',
263 silly addNameRange     '0.7.0',
263 silly addNameRange     '0.7.1',
263 silly addNameRange     '0.7.2',
263 silly addNameRange     '0.7.3',
263 silly addNameRange     '0.7.4',
263 silly addNameRange     '0.7.5',
263 silly addNameRange     '0.7.6',
263 silly addNameRange     '0.7.7',
263 silly addNameRange     '0.7.8',
263 silly addNameRange     '0.7.10',
263 silly addNameRange     '0.9.0',
263 silly addNameRange     '0.9.1',
263 silly addNameRange     '0.9.2',
263 silly addNameRange     '0.9.3',
263 silly addNameRange     '0.9.5',
263 silly addNameRange     '0.9.6',
263 silly addNameRange     '0.9.7',
263 silly addNameRange     '0.9.10',
263 silly addNameRange     '0.9.11',
263 silly addNameRange     '0.9.12',
263 silly addNameRange     '0.9.14',
263 silly addNameRange     '0.9.16',
263 silly addNameRange     '0.9.17',
263 silly addNameRange     '1.0.0',
263 silly addNameRange     '1.0.1',
263 silly addNameRange     '1.0.2',
263 silly addNameRange     '1.0.2-rc',
263 silly addNameRange     '0.6.10-a',
263 silly addNameRange     '1.0.2-rc3',
263 silly addNameRange     '1.0.2-rc4',
263 silly addNameRange     '1.0.3',
263 silly addNameRange     '1.0.4',
263 silly addNameRange     '1.0.5',
263 silly addNameRange     '1.0.6',
263 silly addNameRange     '1.0.7',
263 silly addNameRange     '1.0.8',
263 silly addNameRange     '1.0.9',
263 silly addNameRange     '1.0.10',
263 silly addNameRange     '1.0.11',
263 silly addNameRange     '1.0.12',
263 silly addNameRange     '1.0.13',
263 silly addNameRange     '1.0.14',
263 silly addNameRange     '1.0.15',
263 silly addNameRange     '1.0.16',
263 silly addNameRange     '1.0.17-rc1',
263 silly addNameRange     '1.0.17-rc2',
263 silly addNameRange     '1.0.17',
263 silly addNameRange     '1.0.18',
263 silly addNameRange     '1.0.19',
263 silly addNameRange     '1.0.20',
263 silly addNameRange     '1.1.0-alpha',
263 silly addNameRange     '1.1.0',
263 silly addNameRange     '1.1.1',
263 silly addNameRange     '1.2.0',
263 silly addNameRange     '1.2.1',
263 silly addNameRange     '1.3.0-0',
263 silly addNameRange     '1.3.0-1',
263 silly addNameRange     '1.3.0-2',
263 silly addNameRange     '1.3.0-3',
263 silly addNameRange     '1.3.0-4',
263 silly addNameRange     '1.3.0-5',
263 silly addNameRange     '1.3.0-6',
263 silly addNameRange     '1.3.0-7',
263 silly addNameRange     '1.3.0',
263 silly addNameRange     '1.3.1',
263 silly addNameRange     '1.3.2',
263 silly addNameRange     '1.3.3',
263 silly addNameRange     '1.3.5',
263 silly addNameRange     '1.3.6',
263 silly addNameRange     '1.3.7',
263 silly addNameRange     '1.3.8',
263 silly addNameRange     '1.4.0',
263 silly addNameRange     '1.4.1',
263 silly addNameRange     '1.5.0-alpha1',
263 silly addNameRange     '1.5.0-alpha2',
263 silly addNameRange     '1.5.0-alpha3',
263 silly addNameRange     '1.5.0-alpha4',
263 silly addNameRange     '1.4.2',
263 silly addNameRange     '1.5.0',
263 silly addNameRange     '1.5.1',
263 silly addNameRange     '1.6.0',
263 silly addNameRange     '1.6.1',
263 silly addNameRange     '1.7.0',
263 silly addNameRange     '1.7.1' ] ]
264 verbose addNamed [ 'nodemon', '1.7.1' ]
265 verbose addNamed [ '1.7.1', '1.7.1' ]
266 silly lockFile a001a288-nodemon-1-7-1 nodemon@1.7.1
267 verbose lock nodemon@1.7.1 /Users/bfrost/.npm/a001a288-nodemon-1-7-1.lock
268 silly lockFile 51f1744e-express-4-13-3 express@4.13.3
269 silly lockFile 51f1744e-express-4-13-3 express@4.13.3
270 silly lockFile 9c28b82e-express-4-13-3 express@^4.13.3
271 silly lockFile 9c28b82e-express-4-13-3 express@^4.13.3
272 http 200 https://registry.npmjs.org/shortid/-/shortid-2.2.2.tgz
273 http 200 https://registry.npmjs.org/node-sass-middleware/-/node-sass-middleware-0.9.0.tgz
274 http 200 https://registry.npmjs.org/bluebird/-/bluebird-2.10.2.tgz
275 silly lockFile 7f40b9df-js-org-shortid-shortid-2-2-2-tgz https://registry.npmjs.org/shortid/-/shortid-2.2.2.tgz
276 silly lockFile 7f40b9df-js-org-shortid-shortid-2-2-2-tgz https://registry.npmjs.org/shortid/-/shortid-2.2.2.tgz
277 silly lockFile 43c9d35b-e-node-sass-middleware-0-9-0-tgz https://registry.npmjs.org/node-sass-middleware/-/node-sass-middleware-0.9.0.tgz
278 silly lockFile 43c9d35b-e-node-sass-middleware-0-9-0-tgz https://registry.npmjs.org/node-sass-middleware/-/node-sass-middleware-0.9.0.tgz
279 silly lockFile 080c4e59-shortid-2-2-2 shortid@2.2.2
280 silly lockFile 080c4e59-shortid-2-2-2 shortid@2.2.2
281 silly lockFile 45b97ac6-node-sass-middleware-0-9-0 node-sass-middleware@0.9.0
282 silly lockFile 45b97ac6-node-sass-middleware-0-9-0 node-sass-middleware@0.9.0
283 silly lockFile 47ca004f-shortid-2-2-2 shortid@^2.2.2
284 silly lockFile 47ca004f-shortid-2-2-2 shortid@^2.2.2
285 silly lockFile a001a288-nodemon-1-7-1 nodemon@1.7.1
286 silly lockFile a001a288-nodemon-1-7-1 nodemon@1.7.1
287 silly lockFile d516100b-nodemon-1-7-1 nodemon@^1.7.1
288 silly lockFile d516100b-nodemon-1-7-1 nodemon@^1.7.1
289 http 200 https://registry.npmjs.org/chance/-/chance-0.8.0.tgz
290 silly lockFile c97fcbdf-org-bluebird-bluebird-2-10-2-tgz https://registry.npmjs.org/bluebird/-/bluebird-2.10.2.tgz
291 silly lockFile c97fcbdf-org-bluebird-bluebird-2-10-2-tgz https://registry.npmjs.org/bluebird/-/bluebird-2.10.2.tgz
292 silly lockFile 53b7418d-bluebird-2-10-2 bluebird@2.10.2
293 silly lockFile 53b7418d-bluebird-2-10-2 bluebird@2.10.2
294 silly lockFile 3163d380-bluebird-2-10-2 bluebird@^2.10.2
295 silly lockFile 3163d380-bluebird-2-10-2 bluebird@^2.10.2
296 silly lockFile e9ff265f-pmjs-org-chance-chance-0-8-0-tgz https://registry.npmjs.org/chance/-/chance-0.8.0.tgz
297 silly lockFile e9ff265f-pmjs-org-chance-chance-0-8-0-tgz https://registry.npmjs.org/chance/-/chance-0.8.0.tgz
298 silly lockFile c7f39287-chance-0-8-0 chance@0.8.0
299 silly lockFile c7f39287-chance-0-8-0 chance@0.8.0
300 silly lockFile 50bdfe21-chance-0-8-0 chance@^0.8.0
301 silly lockFile 50bdfe21-chance-0-8-0 chance@^0.8.0
302 http 200 https://registry.npmjs.org/mongoose
303 silly registry.get cb [ 200,
303 silly registry.get   { server: 'CouchDB/1.5.0 (Erlang OTP/R16B03)',
303 silly registry.get     etag: '"357A8CFTDYO73HXTR9RE6TD3E"',
303 silly registry.get     'content-type': 'application/json',
303 silly registry.get     'cache-control': 'max-age=60',
303 silly registry.get     'content-length': '364634',
303 silly registry.get     'accept-ranges': 'bytes',
303 silly registry.get     date: 'Thu, 08 Oct 2015 22:36:04 GMT',
303 silly registry.get     via: '1.1 varnish',
303 silly registry.get     age: '0',
303 silly registry.get     connection: 'keep-alive',
303 silly registry.get     'x-served-by': 'cache-jfk1030-JFK',
303 silly registry.get     'x-cache': 'HIT',
303 silly registry.get     'x-cache-hits': '1',
303 silly registry.get     'x-timer': 'S1444343764.510843,VS0,VE344',
303 silly registry.get     vary: 'Accept' } ]
304 silly addNameRange number 2 { name: 'mongoose', range: '>=4.1.10-0 <5.0.0-0', hasData: true }
305 silly addNameRange versions [ 'mongoose',
305 silly addNameRange   [ '0.0.1',
305 silly addNameRange     '0.0.2',
305 silly addNameRange     '0.0.3',
305 silly addNameRange     '0.0.4',
305 silly addNameRange     '0.0.5',
305 silly addNameRange     '1.0.0',
305 silly addNameRange     '1.0.1',
305 silly addNameRange     '1.0.2',
305 silly addNameRange     '0.0.6',
305 silly addNameRange     '1.0.3',
305 silly addNameRange     '1.0.4',
305 silly addNameRange     '1.0.5',
305 silly addNameRange     '1.0.6',
305 silly addNameRange     '1.0.7',
305 silly addNameRange     '1.0.8',
305 silly addNameRange     '1.0.10',
305 silly addNameRange     '1.0.11',
305 silly addNameRange     '1.0.12',
305 silly addNameRange     '1.0.13',
305 silly addNameRange     '1.0.14',
305 silly addNameRange     '1.0.15',
305 silly addNameRange     '1.0.16',
305 silly addNameRange     '1.1.0',
305 silly addNameRange     '1.1.1',
305 silly addNameRange     '1.1.2',
305 silly addNameRange     '1.1.3',
305 silly addNameRange     '1.1.4',
305 silly addNameRange     '1.1.5',
305 silly addNameRange     '1.1.6',
305 silly addNameRange     '1.1.7',
305 silly addNameRange     '1.1.8',
305 silly addNameRange     '1.1.9',
305 silly addNameRange     '1.1.10',
305 silly addNameRange     '1.1.11',
305 silly addNameRange     '1.1.12',
305 silly addNameRange     '1.1.13',
305 silly addNameRange     '1.1.14',
305 silly addNameRange     '1.1.15',
305 silly addNameRange     '1.1.16',
305 silly addNameRange     '1.1.17',
305 silly addNameRange     '1.1.18',
305 silly addNameRange     '1.1.19',
305 silly addNameRange     '1.1.20',
305 silly addNameRange     '1.1.21',
305 silly addNameRange     '1.1.22',
305 silly addNameRange     '1.1.23',
305 silly addNameRange     '1.1.24',
305 silly addNameRange     '1.1.25',
305 silly addNameRange     '1.2.0',
305 silly addNameRange     '1.3.0',
305 silly addNameRange     '1.3.1',
305 silly addNameRange     '1.3.2',
305 silly addNameRange     '1.3.3',
305 silly addNameRange     '1.3.4',
305 silly addNameRange     '1.3.5',
305 silly addNameRange     '1.3.6',
305 silly addNameRange     '1.3.7',
305 silly addNameRange     '1.4.0',
305 silly addNameRange     '1.5.0',
305 silly addNameRange     '1.6.0',
305 silly addNameRange     '1.7.2',
305 silly addNameRange     '1.7.3',
305 silly addNameRange     '1.7.4',
305 silly addNameRange     '1.8.0',
305 silly addNameRange     '1.8.1',
305 silly addNameRange     '1.8.2',
305 silly addNameRange     '1.8.3',
305 silly addNameRange     '1.8.4',
305 silly addNameRange     '2.0.0',
305 silly addNameRange     '2.0.1',
305 silly addNameRange     '2.0.2',
305 silly addNameRange     '2.0.3',
305 silly addNameRange     '2.0.4',
305 silly addNameRange     '2.1.0',
305 silly addNameRange     '2.1.1',
305 silly addNameRange     '2.1.2',
305 silly addNameRange     '2.1.3',
305 silly addNameRange     '2.1.4',
305 silly addNameRange     '2.2.0',
305 silly addNameRange     '2.2.1',
305 silly addNameRange     '2.2.2',
305 silly addNameRange     '2.2.3',
305 silly addNameRange     '2.2.4',
305 silly addNameRange     '2.3.0',
305 silly addNameRange     '2.3.1',
305 silly addNameRange     '2.3.2',
305 silly addNameRange     '2.3.3',
305 silly addNameRange     '2.3.4',
305 silly addNameRange     '2.3.5',
305 silly addNameRange     '2.3.6',
305 silly addNameRange     '2.3.7',
305 silly addNameRange     '2.3.8',
305 silly addNameRange     '2.3.9',
305 silly addNameRange     '2.3.10',
305 silly addNameRange     '2.3.11',
305 silly addNameRange     '2.3.12',
305 silly addNameRange     '2.3.13',
305 silly addNameRange     '2.4.0',
305 silly addNameRange     '2.4.1',
305 silly addNameRange     '2.4.2',
305 silly addNameRange     '2.4.3',
305 silly addNameRange     '2.4.4',
305 silly addNameRange     '2.4.5',
305 silly addNameRange     '2.4.6',
305 silly addNameRange     '2.4.7',
305 silly addNameRange     '2.4.8',
305 silly addNameRange     '2.4.9',
305 silly addNameRange     '2.4.10',
305 silly addNameRange     '2.5.0',
305 silly addNameRange     '2.5.1',
305 silly addNameRange     '2.5.2',
305 silly addNameRange     '2.5.3',
305 silly addNameRange     '2.5.4',
305 silly addNameRange     '2.5.5',
305 silly addNameRange     '2.5.6',
305 silly addNameRange     '2.5.7',
305 silly addNameRange     '2.5.8',
305 silly addNameRange     '2.5.9',
305 silly addNameRange     '2.5.10',
305 silly addNameRange     '2.5.11',
305 silly addNameRange     '2.5.12',
305 silly addNameRange     '2.5.13',
305 silly addNameRange     '2.5.14',
305 silly addNameRange     '2.6.0',
305 silly addNameRange     '2.6.1',
305 silly addNameRange     '2.6.2',
305 silly addNameRange     '2.6.3',
305 silly addNameRange     '2.6.4',
305 silly addNameRange     '2.6.5',
305 silly addNameRange     '2.6.6',
305 silly addNameRange     '2.6.7',
305 silly addNameRange     '2.6.8',
305 silly addNameRange     '2.7.0',
305 silly addNameRange     '2.7.1',
305 silly addNameRange     '2.7.2',
305 silly addNameRange     '2.7.4',
305 silly addNameRange     '2.7.3',
305 silly addNameRange     '3.0.0',
305 silly addNameRange     '3.0.1',
305 silly addNameRange     '3.0.2',
305 silly addNameRange     '2.8.0',
305 silly addNameRange     '3.0.3',
305 silly addNameRange     '3.1.0',
305 silly addNameRange     '2.8.1',
305 silly addNameRange     '3.1.1',
305 silly addNameRange     '2.8.2',
305 silly addNameRange     '2.8.3',
305 silly addNameRange     '2.9.0',
305 silly addNameRange     '3.2.0',
305 silly addNameRange     '2.9.1',
305 silly addNameRange     '3.2.1',
305 silly addNameRange     '2.9.2',
305 silly addNameRange     '3.2.2',
305 silly addNameRange     '3.3.0',
305 silly addNameRange     '3.3.1',
305 silly addNameRange     '2.9.3',
305 silly addNameRange     '3.4.0',
305 silly addNameRange     '2.9.4',
305 silly addNameRange     '2.9.5',
305 silly addNameRange     '3.5.0',
305 silly addNameRange     '3.5.1',
305 silly addNameRange     '3.5.2',
305 silly addNameRange     '3.5.3',
305 silly addNameRange     '2.9.6',
305 silly addNameRange     '2.9.7',
305 silly addNameRange     '3.5.4',
305 silly addNameRange     '3.5.5',
305 silly addNameRange     '2.9.8',
305 silly addNameRange     '2.9.9',
305 silly addNameRange     '3.5.6',
305 silly addNameRange     '3.5.7',
305 silly addNameRange     '3.5.8',
305 silly addNameRange     '2.9.10',
305 silly addNameRange     '3.5.9',
305 silly addNameRange     '3.6.2',
305 silly addNameRange     '3.5.10',
305 silly addNameRange     '3.6.3',
305 silly addNameRange     '3.5.11',
305 silly addNameRange     '3.6.4',
305 silly addNameRange     '3.6.5',
305 silly addNameRange     '3.6.6',
305 silly addNameRange     '3.6.7',
305 silly addNameRange     '3.5.12',
305 silly addNameRange     '3.6.8',
305 silly addNameRange     '3.6.9',
305 silly addNameRange     '3.6.10',
305 silly addNameRange     '3.5.13',
305 silly addNameRange     '3.5.14',
305 silly addNameRange     '3.6.11',
305 silly addNameRange     '3.6.12',
305 silly addNameRange     '3.6.13',
305 silly addNameRange     '3.6.14',
305 silly addNameRange     '3.6.15',
305 silly addNameRange     '3.5.15',
305 silly addNameRange     '3.7.0',
305 silly addNameRange     '3.6.16',
305 silly addNameRange     '3.5.16',
305 silly addNameRange     '3.6.17',
305 silly addNameRange     '3.7.2',
305 silly addNameRange     '3.0.0-alpha1',
305 silly addNameRange     '3.0.0-alpha2',
305 silly addNameRange     '3.0.0-rc0',
305 silly addNameRange     '3.6.0-rc0',
305 silly addNameRange     '3.6.0-rc1',
305 silly addNameRange     '3.6.18',
305 silly addNameRange     '3.7.3',
305 silly addNameRange     '3.6.19',
305 silly addNameRange     '3.6.20',
305 silly addNameRange     '3.7.4',
305 silly addNameRange     '3.8.0',
305 silly addNameRange     '3.8.1',
305 silly addNameRange     '3.8.2',
305 silly addNameRange     '3.8.3',
305 silly addNameRange     '3.8.4',
305 silly addNameRange     '3.8.5',
305 silly addNameRange     '3.8.6',
305 silly addNameRange     '3.8.7',
305 silly addNameRange     '3.8.8',
305 silly addNameRange     '3.8.9',
305 silly addNameRange     '3.8.10',
305 silly addNameRange     '3.8.11',
305 silly addNameRange     '3.9.0',
305 silly addNameRange     '3.8.12',
305 silly addNameRange     '3.8.13',
305 silly addNameRange     '3.8.14',
305 silly addNameRange     '3.8.15',
305 silly addNameRange     '3.9.1',
305 silly addNameRange     '3.8.16',
305 silly addNameRange     '3.9.2',
305 silly addNameRange     '3.8.17',
305 silly addNameRange     '3.9.3',
305 silly addNameRange     '3.8.18',
305 silly addNameRange     '3.9.4',
305 silly addNameRange     '3.8.19',
305 silly addNameRange     '3.9.5',
305 silly addNameRange     '3.8.20',
305 silly addNameRange     '3.9.6',
305 silly addNameRange     '3.8.21',
305 silly addNameRange     '3.9.7',
305 silly addNameRange     '3.8.22',
305 silly addNameRange     '4.0.0-rc0',
305 silly addNameRange     '4.0.0-rc1',
305 silly addNameRange     '3.8.23',
305 silly addNameRange     '4.0.0-rc2',
305 silly addNameRange     '3.8.24',
305 silly addNameRange     '4.0.0-rc3',
305 silly addNameRange     '3.8.25',
305 silly addNameRange     '4.0.0-rc4',
305 silly addNameRange     '4.0.0',
305 silly addNameRange     '4.0.1',
305 silly addNameRange     '3.8.26',
305 silly addNameRange     '3.8.27',
305 silly addNameRange     '4.0.2',
305 silly addNameRange     '3.8.28',
305 silly addNameRange     '4.0.3',
305 silly addNameRange     '3.8.29',
305 silly addNameRange     '4.0.4',
305 silly addNameRange     '3.8.30',
305 silly addNameRange     '4.0.5',
305 silly addNameRange     '3.8.31',
305 silly addNameRange     '4.0.6',
305 silly addNameRange     '3.8.33',
305 silly addNameRange     '4.0.7',
305 silly addNameRange     '3.8.34',
305 silly addNameRange     '4.0.8',
305 silly addNameRange     '4.1.0',
305 silly addNameRange     '4.1.1',
305 silly addNameRange     '4.1.2',
305 silly addNameRange     '3.8.35',
305 silly addNameRange     '4.1.3',
305 silly addNameRange     '4.1.5',
305 silly addNameRange     '4.1.6',
305 silly addNameRange     '4.1.7',
305 silly addNameRange     '4.1.8',
305 silly addNameRange     '4.1.9',
305 silly addNameRange     '4.1.10' ] ]
306 verbose addNamed [ 'mongoose', '4.1.10' ]
307 verbose addNamed [ '4.1.10', '4.1.10' ]
308 silly lockFile 29aa9149-mongoose-4-1-10 mongoose@4.1.10
309 verbose lock mongoose@4.1.10 /Users/bfrost/.npm/29aa9149-mongoose-4-1-10.lock
310 silly lockFile c7929416-org-mongoose-mongoose-4-1-10-tgz https://registry.npmjs.org/mongoose/-/mongoose-4.1.10.tgz
311 verbose lock https://registry.npmjs.org/mongoose/-/mongoose-4.1.10.tgz /Users/bfrost/.npm/c7929416-org-mongoose-mongoose-4-1-10-tgz.lock
312 verbose addRemoteTarball [ 'https://registry.npmjs.org/mongoose/-/mongoose-4.1.10.tgz',
312 verbose addRemoteTarball   'af2404730de04422828d65b34fc89bea0e8f9cd0' ]
313 info retry fetch attempt 1 at 18:36:04
314 verbose fetch to= /var/folders/wh/ffvls7ss2q59swl7cmhxqh9w00484v/T/npm-2930-eX8QXWGi/registry.npmjs.org/mongoose/-/mongoose-4.1.10.tgz
315 http GET https://registry.npmjs.org/mongoose/-/mongoose-4.1.10.tgz
316 http 200 https://registry.npmjs.org/mongoose/-/mongoose-4.1.10.tgz
317 silly lockFile c7929416-org-mongoose-mongoose-4-1-10-tgz https://registry.npmjs.org/mongoose/-/mongoose-4.1.10.tgz
318 silly lockFile c7929416-org-mongoose-mongoose-4-1-10-tgz https://registry.npmjs.org/mongoose/-/mongoose-4.1.10.tgz
319 silly lockFile 29aa9149-mongoose-4-1-10 mongoose@4.1.10
320 silly lockFile 29aa9149-mongoose-4-1-10 mongoose@4.1.10
321 silly lockFile 8287c9dd-mongoose-4-1-10 mongoose@^4.1.10
322 silly lockFile 8287c9dd-mongoose-4-1-10 mongoose@^4.1.10
323 error Error: EACCES, mkdir '/Users/bfrost/.npm/bluebird/2.10.2'
323 error  { [Error: EACCES, mkdir '/Users/bfrost/.npm/bluebird/2.10.2']
323 error   errno: 3,
323 error   code: 'EACCES',
323 error   path: '/Users/bfrost/.npm/bluebird/2.10.2',
323 error   parent: 'auther' }
324 error Please try running this command again as root/Administrator.
325 error System Darwin 13.4.0
326 error command "node" "/usr/local/bin/npm" "install"
327 error cwd /Users/bfrost/Fullstack/auther
328 error node -v v0.10.32
329 error npm -v 1.4.28
330 error path /Users/bfrost/.npm/bluebird/2.10.2
331 error code EACCES
332 error errno 3
333 error stack Error: EACCES, mkdir '/Users/bfrost/.npm/bluebird/2.10.2'
334 verbose exit [ 3, true ]
